Using pre-set license
Built from '2021.2/staging' branch; Version is '2021.2.7f1 (6bd9e232123f) revision 7068130'; Using compiler version '192829333'; Build Type 'Release'
OS: 'Windows 10  (10.0.19044) 64bit Core' Language: 'en' Physical Memory: 32659 MB
BatchMode: 1, IsHumanControllingUs: 0, StartBugReporterOnCrash: 0, Is64bit: 1, IsPro: 0

COMMAND LINE ARGUMENTS:
C:\Program Files\Unity\Hub\Editor\2021.2.7f1\Editor\Unity.exe
-adb2
-batchMode
-noUpm
-name
AssetImportWorker1
-projectPath
D:/Repos/Snow/ProjectSnow
-logFile
Logs/AssetImportWorker1.log
-srvPort
51290
Successfully changed project path to: D:/Repos/Snow/ProjectSnow
D:/Repos/Snow/ProjectSnow
[UnityMemory] Configuration Parameters - Can be set up in boot.config
    "memorysetup-bucket-allocator-granularity=16"
    "memorysetup-bucket-allocator-bucket-count=8"
    "memorysetup-bucket-allocator-block-size=33554432"
    "memorysetup-bucket-allocator-block-count=8"
    "memorysetup-main-allocator-block-size=16777216"
    "memorysetup-thread-allocator-block-size=16777216"
    "memorysetup-gfx-main-allocator-block-size=16777216"
    "memorysetup-gfx-thread-allocator-block-size=16777216"
    "memorysetup-cache-allocator-block-size=4194304"
    "memorysetup-typetree-allocator-block-size=2097152"
    "memorysetup-profiler-bucket-allocator-granularity=16"
    "memorysetup-profiler-bucket-allocator-bucket-count=8"
    "memorysetup-profiler-bucket-allocator-block-size=33554432"
    "memorysetup-profiler-bucket-allocator-block-count=8"
    "memorysetup-profiler-allocator-block-size=16777216"
    "memorysetup-profiler-editor-allocator-block-size=1048576"
    "memorysetup-temp-allocator-size-main=16777216"
    "memorysetup-job-temp-allocator-block-size=2097152"
    "memorysetup-job-temp-allocator-block-size-background=1048576"
    "memorysetup-job-temp-allocator-reduction-small-platforms=262144"
    "memorysetup-temp-allocator-size-background-worker=32768"
    "memorysetup-temp-allocator-size-job-worker=262144"
    "memorysetup-temp-allocator-size-preload-manager=33554432"
    "memorysetup-temp-allocator-size-nav-mesh-worker=65536"
    "memorysetup-temp-allocator-size-audio-worker=65536"
    "memorysetup-temp-allocator-size-cloud-worker=32768"
    "memorysetup-temp-allocator-size-gi-baking-worker=262144"
    "memorysetup-temp-allocator-size-gfx=262144"
Refreshing native plugins compatible for Editor in 70.23 ms, found 3 plugins.
Preloading 0 native plugins for Editor in 0.00 ms.
Initialize engine version: 2021.2.7f1 (6bd9e232123f)
[Subsystems] Discovering subsystems at path C:/Program Files/Unity/Hub/Editor/2021.2.7f1/Editor/Data/Resources/UnitySubsystems
[Subsystems] Discovering subsystems at path D:/Repos/Snow/ProjectSnow/Assets
GfxDevice: creating device client; threaded=0; jobified=0
Direct3D:
    Version:  Direct3D 11.0 [level 11.1]
    Renderer: NVIDIA GeForce RTX 3080 (ID=0x2206)
    Vendor:   NVIDIA
    VRAM:     10078 MB
    Driver:   31.0.15.1640
Initialize mono
Mono path[0] = 'C:/Program Files/Unity/Hub/Editor/2021.2.7f1/Editor/Data/Managed'
Mono path[1] = 'C:/Program Files/Unity/Hub/Editor/2021.2.7f1/Editor/Data/MonoBleedingEdge/lib/mono/unityjit-win32'
Mono config path = 'C:/Program Files/Unity/Hub/Editor/2021.2.7f1/Editor/Data/MonoBleedingEdge/etc'
Using monoOptions --debugger-agent=transport=dt_socket,embedding=1,server=y,suspend=n,address=127.0.0.1:56012
Begin MonoManager ReloadAssembly
Registering precompiled unity dll's ...
Register platform support module: C:/Program Files/Unity/Hub/Editor/2021.2.7f1/Editor/Data/PlaybackEngines/WindowsStandaloneSupport/UnityEditor.WindowsStandalone.Extensions.dll
Registered in 0.006829 seconds.
Native extension for WindowsStandalone target not found
Refreshing native plugins compatible for Editor in 70.30 ms, found 3 plugins.
Preloading 0 native plugins for Editor in 0.00 ms.
Mono: successfully reloaded assembly
- Completed reload, in  0.560 seconds
Domain Reload Profiling:
	ReloadAssembly (561ms)
		BeginReloadAssembly (74ms)
			ExecutionOrderSort (0ms)
			DisableScriptedObjects (0ms)
			BackupInstance (0ms)
			ReleaseScriptingObjects (0ms)
			CreateAndSetChildDomain (1ms)
		EndReloadAssembly (415ms)
			LoadAssemblies (72ms)
			RebuildTransferFunctionScriptingTraits (0ms)
			SetupTypeCache (87ms)
			ReleaseScriptCaches (0ms)
			RebuildScriptCaches (24ms)
			SetupLoadedEditorAssemblies (257ms)
				LogAssemblyErrors (0ms)
				InitializePlatformSupportModulesInManaged (14ms)
				SetLoadedEditorAssemblies (0ms)
				RefreshPlugins (70ms)
				BeforeProcessingInitializeOnLoad (1ms)
				ProcessInitializeOnLoadAttributes (133ms)
				ProcessInitializeOnLoadMethodAttributes (39ms)
				AfterProcessingInitializeOnLoad (0ms)
				EditorAssembliesLoaded (0ms)
			ExecutionOrderSort2 (0ms)
			AwakeInstancesAfterBackupRestoration (0ms)
Platform modules already initialized, skipping
Registering precompiled user dll's ...
Registered in 0.003318 seconds.
Begin MonoManager ReloadAssembly
Symbol file LoadedFromMemory doesn't match image D:\Repos\Snow\ProjectSnow\Library\PackageCache\com.unity.visualscripting@1.7.6\Editor\VisualScripting.Core\Dependencies\YamlDotNet\Unity.VisualScripting.YamlDotNet.dll
Symbol file LoadedFromMemory doesn't match image D:\Repos\Snow\ProjectSnow\Library\PackageCache\com.unity.visualscripting@1.7.6\Editor\VisualScripting.Core\Dependencies\DotNetZip\Unity.VisualScripting.IonicZip.dll
Native extension for WindowsStandalone target not found
Refreshing native plugins compatible for Editor in 0.48 ms, found 3 plugins.
Preloading 0 native plugins for Editor in 0.00 ms.
Mono: successfully reloaded assembly
- Completed reload, in  0.886 seconds
Domain Reload Profiling:
	ReloadAssembly (886ms)
		BeginReloadAssembly (100ms)
			ExecutionOrderSort (0ms)
			DisableScriptedObjects (5ms)
			BackupInstance (0ms)
			ReleaseScriptingObjects (0ms)
			CreateAndSetChildDomain (19ms)
		EndReloadAssembly (690ms)
			LoadAssemblies (70ms)
			RebuildTransferFunctionScriptingTraits (0ms)
			SetupTypeCache (233ms)
			ReleaseScriptCaches (1ms)
			RebuildScriptCaches (42ms)
			SetupLoadedEditorAssemblies (313ms)
				LogAssemblyErrors (0ms)
				InitializePlatformSupportModulesInManaged (10ms)
				SetLoadedEditorAssemblies (0ms)
				RefreshPlugins (1ms)
				BeforeProcessingInitializeOnLoad (71ms)
				ProcessInitializeOnLoadAttributes (204ms)
				ProcessInitializeOnLoadMethodAttributes (20ms)
				AfterProcessingInitializeOnLoad (8ms)
				EditorAssembliesLoaded (0ms)
			ExecutionOrderSort2 (0ms)
			AwakeInstancesAfterBackupRestoration (5ms)
Platform modules already initialized, skipping
========================================================================
Worker process is ready to serve import requests
Launched and connected shader compiler UnityShaderCompiler.exe after 0.04 seconds
Refreshing native plugins compatible for Editor in 1.21 ms, found 3 plugins.
Preloading 0 native plugins for Editor in 0.00 ms.
Unloading 3213 Unused Serialized files (Serialized files now loaded: 0)
Unloading 26 unused Assets / (112.4 KB). Loaded Objects now: 3669.
Memory consumption went from 111.9 MB to 111.8 MB.
Total: 2.797400 ms (FindLiveObjects: 0.313300 ms CreateObjectMapping: 0.244000 ms MarkObjects: 2.132400 ms  DeleteObjects: 0.106400 ms)

AssetImportParameters requested are different than current active one (requested -> active):
  custom:video-decoder-ogg-theora: a1e56fd34408186e4bbccfd4996cb3dc -> 
  custom:container-muxer-webm: aa71ff27fc2769a1b78a27578f13a17b -> 
  custom:container-demuxer-webm: 4f35f7cbe854078d1ac9338744f61a02 -> 
  custom:video-encoder-webm-vp8: eb34c28f22e8b96e1ab97ce403110664 -> 
  custom:audio-encoder-webm-vorbis: bf7c407c2cedff20999df2af8eb42d56 -> 
  custom:framework-win-MediaFoundation: 216162199b28c13a410421893ffa2e32 -> 
  custom:container-demuxer-ogg: 62fdf1f143b41e24485cea50d1cbac27 -> 
  custom:video-decoder-webm-vp8: 9c59270c3fd7afecdb556c50c9e8de78 -> 
  custom:audio-decoder-ogg-vorbis: bf7c407c2cedff20999df2af8eb42d56 -> 
========================================================================
Received Import Request.
  Time since last request: 322195.978588 seconds.
  path: Assets/Scenes
  artifactKey: Guid(6ea315d0fd7389c41b19996891e99ae3) Importer(815301076,1909f56bfc062723c751e8b465ee728b)
Start importing Assets/Scenes using Guid(6ea315d0fd7389c41b19996891e99ae3) Importer(815301076,1909f56bfc062723c751e8b465ee728b)  -> (artifact id: 'b8193726cff86800c54781cdc6d54904') in 0.009296 seconds 
========================================================================
Received Prepare
Registering precompiled user dll's ...
Registered in 0.003129 seconds.
Begin MonoManager ReloadAssembly
Symbol file LoadedFromMemory doesn't match image D:\Repos\Snow\ProjectSnow\Library\PackageCache\com.unity.visualscripting@1.7.6\Editor\VisualScripting.Core\Dependencies\YamlDotNet\Unity.VisualScripting.YamlDotNet.dll
Symbol file LoadedFromMemory doesn't match image D:\Repos\Snow\ProjectSnow\Library\PackageCache\com.unity.visualscripting@1.7.6\Editor\VisualScripting.Core\Dependencies\DotNetZip\Unity.VisualScripting.IonicZip.dll
Native extension for WindowsStandalone target not found
Refreshing native plugins compatible for Editor in 0.72 ms, found 3 plugins.
Preloading 0 native plugins for Editor in 0.00 ms.
Mono: successfully reloaded assembly
- Completed reload, in  0.866 seconds
Domain Reload Profiling:
	ReloadAssembly (867ms)
		BeginReloadAssembly (134ms)
			ExecutionOrderSort (0ms)
			DisableScriptedObjects (5ms)
			BackupInstance (0ms)
			ReleaseScriptingObjects (0ms)
			CreateAndSetChildDomain (30ms)
		EndReloadAssembly (638ms)
			LoadAssemblies (77ms)
			RebuildTransferFunctionScriptingTraits (0ms)
			SetupTypeCache (231ms)
			ReleaseScriptCaches (1ms)
			RebuildScriptCaches (35ms)
			SetupLoadedEditorAssemblies (273ms)
				LogAssemblyErrors (0ms)
				InitializePlatformSupportModulesInManaged (11ms)
				SetLoadedEditorAssemblies (0ms)
				RefreshPlugins (1ms)
				BeforeProcessingInitializeOnLoad (54ms)
				ProcessInitializeOnLoadAttributes (179ms)
				ProcessInitializeOnLoadMethodAttributes (19ms)
				AfterProcessingInitializeOnLoad (8ms)
				EditorAssembliesLoaded (0ms)
			ExecutionOrderSort2 (0ms)
			AwakeInstancesAfterBackupRestoration (6ms)
Platform modules already initialized, skipping
Refreshing native plugins compatible for Editor in 0.54 ms, found 3 plugins.
Preloading 0 native plugins for Editor in 0.00 ms.
Unloading 3208 Unused Serialized files (Serialized files now loaded: 0)
Unloading 21 unused Assets / (79.1 KB). Loaded Objects now: 3671.
Memory consumption went from 111.8 MB to 111.7 MB.
Total: 2.561100 ms (FindLiveObjects: 0.266500 ms CreateObjectMapping: 0.230500 ms MarkObjects: 1.987900 ms  DeleteObjects: 0.075500 ms)

AssetImportParameters requested are different than current active one (requested -> active):
  custom:video-decoder-ogg-theora: a1e56fd34408186e4bbccfd4996cb3dc -> 
  custom:container-muxer-webm: aa71ff27fc2769a1b78a27578f13a17b -> 
  custom:container-demuxer-webm: 4f35f7cbe854078d1ac9338744f61a02 -> 
  custom:video-encoder-webm-vp8: eb34c28f22e8b96e1ab97ce403110664 -> 
  custom:audio-encoder-webm-vorbis: bf7c407c2cedff20999df2af8eb42d56 -> 
  custom:framework-win-MediaFoundation: 216162199b28c13a410421893ffa2e32 -> 
  custom:container-demuxer-ogg: 62fdf1f143b41e24485cea50d1cbac27 -> 
  custom:video-decoder-webm-vp8: 9c59270c3fd7afecdb556c50c9e8de78 -> 
  custom:audio-decoder-ogg-vorbis: bf7c407c2cedff20999df2af8eb42d56 -> 
========================================================================
Received Import Request.
  Time since last request: 292.117828 seconds.
  path: Assets/Art/PNG/Dark/texture_02.png
  artifactKey: Guid(0b08d1361f02ae5418d86b4d70737746) Importer(815301076,1909f56bfc062723c751e8b465ee728b)
Start importing Assets/Art/PNG/Dark/texture_02.png using Guid(0b08d1361f02ae5418d86b4d70737746) Importer(815301076,1909f56bfc062723c751e8b465ee728b)  -> (artifact id: '598dc6d5c7e448b7f41603d6718492a1') in 0.129706 seconds 
========================================================================
Received Import Request.
  Time since last request: 0.000023 seconds.
  path: Assets/Art/PNG/Dark/texture_13.png
  artifactKey: Guid(a298a06dbdc0f78469db0ddb611cfbc9) Importer(815301076,1909f56bfc062723c751e8b465ee728b)
Start importing Assets/Art/PNG/Dark/texture_13.png using Guid(a298a06dbdc0f78469db0ddb611cfbc9) Importer(815301076,1909f56bfc062723c751e8b465ee728b)  -> (artifact id: '53fa4a4ae93fb8446a00452dfd8f8471') in 0.014512 seconds 
========================================================================
Received Import Request.
  Time since last request: 0.000028 seconds.
  path: Assets/Art/PNG/Dark/texture_10.png
  artifactKey: Guid(f96471766ac370146bb79f9956f70e47) Importer(815301076,1909f56bfc062723c751e8b465ee728b)
Start importing Assets/Art/PNG/Dark/texture_10.png using Guid(f96471766ac370146bb79f9956f70e47) Importer(815301076,1909f56bfc062723c751e8b465ee728b)  -> (artifact id: 'd0eda1de0a29b5a6c3cec7f4883253bb') in 0.006457 seconds 
========================================================================
Received Import Request.
  Time since last request: 0.000018 seconds.
  path: Assets/Art/PNG/Dark/texture_03.png
  artifactKey: Guid(ed52c5a2fb01fb34b84cc1a7d7c3a907) Importer(815301076,1909f56bfc062723c751e8b465ee728b)
Start importing Assets/Art/PNG/Dark/texture_03.png using Guid(ed52c5a2fb01fb34b84cc1a7d7c3a907) Importer(815301076,1909f56bfc062723c751e8b465ee728b)  -> (artifact id: 'b36495f3b6303b21927946f457f33730') in 0.007337 seconds 
========================================================================
Received Import Request.
  Time since last request: 0.000022 seconds.
  path: Assets/Art/PNG/Dark/texture_08.png
  artifactKey: Guid(fbbca08e5881f404c80d49398aaa8404) Importer(815301076,1909f56bfc062723c751e8b465ee728b)
Start importing Assets/Art/PNG/Dark/texture_08.png using Guid(fbbca08e5881f404c80d49398aaa8404) Importer(815301076,1909f56bfc062723c751e8b465ee728b)  -> (artifact id: 'df27e240b6041e72005cffcd81366e8b') in 0.006506 seconds 
========================================================================
Received Import Request.
  Time since last request: 0.000021 seconds.
  path: Assets/Art/PNG/Dark/texture_05.png
  artifactKey: Guid(64dc7c1d27689154fbede8d0ef8324b1) Importer(815301076,1909f56bfc062723c751e8b465ee728b)
Start importing Assets/Art/PNG/Dark/texture_05.png using Guid(64dc7c1d27689154fbede8d0ef8324b1) Importer(815301076,1909f56bfc062723c751e8b465ee728b)  -> (artifact id: '1e1a55dae093c55edd456c355c5d10d7') in 0.006174 seconds 
========================================================================
Received Import Request.
  Time since last request: 4.067536 seconds.
  path: Assets/Art/PNG/Green/texture_03.png
  artifactKey: Guid(d9bf2ffeed4e2954581077d692306d59) Importer(815301076,1909f56bfc062723c751e8b465ee728b)
Start importing Assets/Art/PNG/Green/texture_03.png using Guid(d9bf2ffeed4e2954581077d692306d59) Importer(815301076,1909f56bfc062723c751e8b465ee728b)  -> (artifact id: '3e05d56c30de6e67b57f070282cc26ce') in 0.008246 seconds 
========================================================================
Received Import Request.
  Time since last request: 0.000019 seconds.
  path: Assets/Art/PNG/Green/texture_13.png
  artifactKey: Guid(a25b390e3f3e64a42833f4d6f8e9db28) Importer(815301076,1909f56bfc062723c751e8b465ee728b)
Start importing Assets/Art/PNG/Green/texture_13.png using Guid(a25b390e3f3e64a42833f4d6f8e9db28) Importer(815301076,1909f56bfc062723c751e8b465ee728b)  -> (artifact id: 'c2c2d5b7a590a6942e839aa60c144f43') in 0.007459 seconds 
========================================================================
Received Import Request.
  Time since last request: 0.000026 seconds.
  path: Assets/Art/PNG/Green/texture_07.png
  artifactKey: Guid(b63cedda22477b443ac426509c046e03) Importer(815301076,1909f56bfc062723c751e8b465ee728b)
Start importing Assets/Art/PNG/Green/texture_07.png using Guid(b63cedda22477b443ac426509c046e03) Importer(815301076,1909f56bfc062723c751e8b465ee728b)  -> (artifact id: 'ca19329e70422bbffad30ccdbcf4e250') in 0.009927 seconds 
========================================================================
Received Import Request.
  Time since last request: 0.000015 seconds.
  path: Assets/Art/PNG/Green/texture_05.png
  artifactKey: Guid(cee967505bebfde468f4869c045a4db7) Importer(815301076,1909f56bfc062723c751e8b465ee728b)
Start importing Assets/Art/PNG/Green/texture_05.png using Guid(cee967505bebfde468f4869c045a4db7) Importer(815301076,1909f56bfc062723c751e8b465ee728b)  -> (artifact id: 'f0423d216abcf5025dab2ffd20d3894f') in 0.007433 seconds 
========================================================================
Received Import Request.
  Time since last request: 0.000023 seconds.
  path: Assets/Art/PNG/Green/texture_10.png
  artifactKey: Guid(8d92e5e8d5b60784989289ac65e9326b) Importer(815301076,1909f56bfc062723c751e8b465ee728b)
Start importing Assets/Art/PNG/Green/texture_10.png using Guid(8d92e5e8d5b60784989289ac65e9326b) Importer(815301076,1909f56bfc062723c751e8b465ee728b)  -> (artifact id: '027e64daf69276e796a361b309d57033') in 0.006880 seconds 
========================================================================
Received Import Request.
  Time since last request: 0.704955 seconds.
  path: Assets/Art/PNG/Orange/texture_03.png
  artifactKey: Guid(57726bfdd4c0f1444aabc3828e61f5b8) Importer(815301076,1909f56bfc062723c751e8b465ee728b)
Start importing Assets/Art/PNG/Orange/texture_03.png using Guid(57726bfdd4c0f1444aabc3828e61f5b8) Importer(815301076,1909f56bfc062723c751e8b465ee728b)  -> (artifact id: '22be55ba9a6d1bff5c954e0d1204e34f') in 0.044934 seconds 
========================================================================
Received Import Request.
  Time since last request: 0.000030 seconds.
  path: Assets/Art/PNG/Orange/texture_10.png
  artifactKey: Guid(185be2bfe59cd3541b815ed766fe4ec1) Importer(815301076,1909f56bfc062723c751e8b465ee728b)
Start importing Assets/Art/PNG/Orange/texture_10.png using Guid(185be2bfe59cd3541b815ed766fe4ec1) Importer(815301076,1909f56bfc062723c751e8b465ee728b)  -> (artifact id: 'b386977a88dd14072f9dc18811d8b317') in 0.028883 seconds 
========================================================================
Received Import Request.
  Time since last request: 1.164031 seconds.
  path: Assets/Art/PNG/Purple/texture_03.png
  artifactKey: Guid(fa31e8e5ac8fd0a468677712896755a3) Importer(815301076,1909f56bfc062723c751e8b465ee728b)
Start importing Assets/Art/PNG/Purple/texture_03.png using Guid(fa31e8e5ac8fd0a468677712896755a3) Importer(815301076,1909f56bfc062723c751e8b465ee728b)  -> (artifact id: '7416aad3c635f846969d691cca2b19c3') in 0.006578 seconds 
========================================================================
Received Import Request.
  Time since last request: 0.000020 seconds.
  path: Assets/Art/PNG/Purple/texture_10.png
  artifactKey: Guid(471d104696e114e4abaf8e87839328b3) Importer(815301076,1909f56bfc062723c751e8b465ee728b)
Start importing Assets/Art/PNG/Purple/texture_10.png using Guid(471d104696e114e4abaf8e87839328b3) Importer(815301076,1909f56bfc062723c751e8b465ee728b)  -> (artifact id: 'd231a0fe98d71c12c07407e7596194a2') in 0.006924 seconds 
========================================================================
Received Import Request.
  Time since last request: 0.000022 seconds.
  path: Assets/Art/PNG/Purple/texture_12.png
  artifactKey: Guid(9165e6a975b07ac43b05c257628633c9) Importer(815301076,1909f56bfc062723c751e8b465ee728b)
Start importing Assets/Art/PNG/Purple/texture_12.png using Guid(9165e6a975b07ac43b05c257628633c9) Importer(815301076,1909f56bfc062723c751e8b465ee728b)  -> (artifact id: '80b75d02524cfa341df31b1b63dd5705') in 0.008060 seconds 
========================================================================
Received Import Request.
  Time since last request: 1.011483 seconds.
  path: Assets/Art/PNG/Red/texture_03.png
  artifactKey: Guid(c82f53094a443e84da34792ec0205e38) Importer(815301076,1909f56bfc062723c751e8b465ee728b)
Start importing Assets/Art/PNG/Red/texture_03.png using Guid(c82f53094a443e84da34792ec0205e38) Importer(815301076,1909f56bfc062723c751e8b465ee728b)  -> (artifact id: '8f0b33accca8c71a038734e36662e494') in 0.007685 seconds 
========================================================================
Received Import Request.
  Time since last request: 0.000031 seconds.
  path: Assets/Art/PNG/Red/texture_09.png
  artifactKey: Guid(3461d0c4f09dd8e439361dbfcb7c84e3) Importer(815301076,1909f56bfc062723c751e8b465ee728b)
Start importing Assets/Art/PNG/Red/texture_09.png using Guid(3461d0c4f09dd8e439361dbfcb7c84e3) Importer(815301076,1909f56bfc062723c751e8b465ee728b)  -> (artifact id: '1793b240e127dbfaeee9fd10ceabbc46') in 0.007018 seconds 
========================================================================
Received Import Request.
  Time since last request: 0.000024 seconds.
  path: Assets/Art/PNG/Red/texture_13.png
  artifactKey: Guid(b8b21fca334b8154c88169f540005800) Importer(815301076,1909f56bfc062723c751e8b465ee728b)
Start importing Assets/Art/PNG/Red/texture_13.png using Guid(b8b21fca334b8154c88169f540005800) Importer(815301076,1909f56bfc062723c751e8b465ee728b)  -> (artifact id: '6d45d48d1121fe54471bd67c90abb6b5') in 0.006659 seconds 
Editor requested this worker to shutdown with reason: Scaling down because of idle timeout
AssetImportWorker is now disconnected from the server
Process exiting
Exiting without the bug reporter. Application will terminate with return code 0